# JRE version: Java(TM) SE Runtime Environment (8.0_171-b11) (build 1.8.0_171-b11)
# Java VM: Java HotSpot(TM) 64-Bit Server VM (25.171-b11 mixed mode windows-amd64 compressed oops)
Heap:
 PSYoungGen      total 337920K, used 41142K [0x00000000d5d00000, 0x00000000ec100000, 0x0000000100000000)
  eden space 322560K, 7% used [0x00000000d5d00000,0x00000000d762ffb0,0x00000000e9800000)
  from space 15360K, 99% used [0x00000000eb200000,0x00000000ec0fd890,0x00000000ec100000)
  to   space 18944K, 0% used [0x00000000e9c00000,0x00000000e9c00000,0x00000000eae80000)
 ParOldGen       total 91648K, used 20226K [0x0000000081600000, 0x0000000086f80000, 0x00000000d5d00000)
  object space 91648K, 22% used [0x0000000081600000,0x00000000829c09c8,0x0000000086f80000)
 Metaspace       used 44772K, capacity 46654K, committed 46760K, reserved 1089536K
  class space    used 5936K, capacity 6300K, committed 6312K, reserved 1048576K
GC Heap History (10 events):
Event: 3.610 GC heap before
{Heap before GC invocations=6 (full 1):
 PSYoungGen      total 138240K, used 133120K [0x00000000d5d00000, 0x00000000de900000, 0x0000000100000000)
  eden space 133120K, 100% used [0x00000000d5d00000,0x00000000ddf00000,0x00000000ddf00000)
  from space 5120K, 0% used [0x00000000de400000,0x00000000de400000,0x00000000de900000)
  to   space 5120K, 0% used [0x00000000ddf00000,0x00000000ddf00000,0x00000000de400000)
 ParOldGen       total 55808K, used 8109K [0x0000000081600000, 0x0000000084c80000, 0x00000000d5d00000)
  object space 55808K, 14% used [0x0000000081600000,0x0000000081deb5f8,0x0000000084c80000)
 Metaspace       used 30705K, capacity 31732K, committed 32000K, reserved 1077248K
  class space    used 4002K, capacity 4225K, committed 4352K, reserved 1048576K
Event: 3.637 GC heap after
Heap after GC invocations=6 (full 1):
 PSYoungGen      total 138240K, used 5092K [0x00000000d5d00000, 0x00000000e5280000, 0x0000000100000000)
  eden space 133120K, 0% used [0x00000000d5d00000,0x00000000d5d00000,0x00000000ddf00000)
  from space 5120K, 99% used [0x00000000ddf00000,0x00000000de3f9040,0x00000000de400000)
  to   space 14848K, 0% used [0x00000000e4400000,0x00000000e4400000,0x00000000e5280000)
 ParOldGen       total 55808K, used 17293K [0x0000000081600000, 0x0000000084c80000, 0x00000000d5d00000)
  object space 55808K, 30% used [0x0000000081600000,0x00000000826e3708,0x0000000084c80000)
 Metaspace       used 30705K, capacity 31732K, committed 32000K, reserved 1077248K
  class space    used 4002K, capacity 4225K, committed 4352K, reserved 1048576K
}
Event: 4.750 GC heap before
{Heap before GC invocations=7 (full 1):
 PSYoungGen      total 138240K, used 128706K [0x00000000d5d00000, 0x00000000e5280000, 0x0000000100000000)
  eden space 133120K, 92% used [0x00000000d5d00000,0x00000000dd5b7b48,0x00000000ddf00000)
  from space 5120K, 99% used [0x00000000ddf00000,0x00000000de3f9040,0x00000000de400000)
  to   space 14848K, 0% used [0x00000000e4400000,0x00000000e4400000,0x00000000e5280000)
 ParOldGen       total 55808K, used 17293K [0x0000000081600000, 0x0000000084c80000, 0x00000000d5d00000)
  object space 55808K, 30% used [0x0000000081600000,0x00000000826e3708,0x0000000084c80000)
 Metaspace       used 34418K, capacity 35456K, committed 35496K, reserved 1079296K
  class space    used 4518K, capacity 4767K, committed 4776K, reserved 1048576K
Event: 4.765 GC heap after
Heap after GC invocations=7 (full 1):
 PSYoungGen      total 230400K, used 13352K [0x00000000d5d00000, 0x00000000e5180000, 0x0000000100000000)
  eden space 216576K, 0% used [0x00000000d5d00000,0x00000000d5d00000,0x00000000e3080000)
  from space 13824K, 96% used [0x00000000e4400000,0x00000000e510a138,0x00000000e5180000)
  to   space 16896K, 0% used [0x00000000e3080000,0x00000000e3080000,0x00000000e4100000)
 ParOldGen       total 55808K, used 17301K [0x0000000081600000, 0x0000000084c80000, 0x00000000d5d00000)
  object space 55808K, 31% used [0x0000000081600000,0x00000000826e5708,0x0000000084c80000)
 Metaspace       used 34418K, capacity 35456K, committed 35496K, reserved 1079296K
  class space    used 4518K, capacity 4767K, committed 4776K, reserved 1048576K
}
Event: 4.765 GC heap before
{Heap before GC invocations=8 (full 2):
 PSYoungGen      total 230400K, used 13352K [0x00000000d5d00000, 0x00000000e5180000, 0x0000000100000000)
  eden space 216576K, 0% used [0x00000000d5d00000,0x00000000d5d00000,0x00000000e3080000)
  from space 13824K, 96% used [0x00000000e4400000,0x00000000e510a138,0x00000000e5180000)
  to   space 16896K, 0% used [0x00000000e3080000,0x00000000e3080000,0x00000000e4100000)
 ParOldGen       total 55808K, used 17301K [0x0000000081600000, 0x0000000084c80000, 0x00000000d5d00000)
  object space 55808K, 31% used [0x0000000081600000,0x00000000826e5708,0x0000000084c80000)
 Metaspace       used 34418K, capacity 35456K, committed 35496K, reserved 1079296K
  class space    used 4518K, capacity 4767K, committed 4776K, reserved 1048576K
Event: 4.849 GC heap after
Heap after GC invocations=8 (full 2):
 PSYoungGen      total 230400K, used 0K [0x00000000d5d00000, 0x00000000e5180000, 0x0000000100000000)
  eden space 216576K, 0% used [0x00000000d5d00000,0x00000000d5d00000,0x00000000e3080000)
  from space 13824K, 0% used [0x00000000e4400000,0x00000000e4400000,0x00000000e5180000)
  to   space 16896K, 0% used [0x00000000e3080000,0x00000000e3080000,0x00000000e4100000)
 ParOldGen       total 91648K, used 20218K [0x0000000081600000, 0x0000000086f80000, 0x00000000d5d00000)
  object space 91648K, 22% used [0x0000000081600000,0x00000000829be9c8,0x0000000086f80000)
 Metaspace       used 34418K, capacity 35456K, committed 35496K, reserved 1079296K
  class space    used 4518K, capacity 4767K, committed 4776K, reserved 1048576K
}
Event: 6.608 GC heap before
{Heap before GC invocations=9 (full 2):
 PSYoungGen      total 230400K, used 216576K [0x00000000d5d00000, 0x00000000e5180000, 0x0000000100000000)
  eden space 216576K, 100% used [0x00000000d5d00000,0x00000000e3080000,0x00000000e3080000)
  from space 13824K, 0% used [0x00000000e4400000,0x00000000e4400000,0x00000000e5180000)
  to   space 16896K, 0% used [0x00000000e3080000,0x00000000e3080000,0x00000000e4100000)
 ParOldGen       total 91648K, used 20218K [0x0000000081600000, 0x0000000086f80000, 0x00000000d5d00000)
  object space 91648K, 22% used [0x0000000081600000,0x00000000829be9c8,0x0000000086f80000)
 Metaspace       used 40360K, capacity 41854K, committed 42024K, reserved 1085440K
  class space    used 5286K, capacity 5588K, committed 5672K, reserved 1048576K
Event: 6.633 GC heap after
Heap after GC invocations=9 (full 2):
 PSYoungGen      total 233472K, used 11308K [0x00000000d5d00000, 0x00000000ec280000, 0x0000000100000000)
  eden space 216576K, 0% used [0x00000000d5d00000,0x00000000d5d00000,0x00000000e3080000)
  from space 16896K, 66% used [0x00000000e3080000,0x00000000e3b8b120,0x00000000e4100000)
  to   space 16896K, 0% used [0x00000000eb200000,0x00000000eb200000,0x00000000ec280000)
 ParOldGen       total 91648K, used 20226K [0x0000000081600000, 0x0000000086f80000, 0x00000000d5d00000)
  object space 91648K, 22% used [0x0000000081600000,0x00000000829c09c8,0x0000000086f80000)
 Metaspace       used 40360K, capacity 41854K, committed 42024K, reserved 1085440K
  class space    used 5286K, capacity 5588K, committed 5672K, reserved 1048576K
}
Event: 8.270 GC heap before
{Heap before GC invocations=10 (full 2):
 PSYoungGen      total 233472K, used 227884K [0x00000000d5d00000, 0x00000000ec280000, 0x0000000100000000)
  eden space 216576K, 100% used [0x00000000d5d00000,0x00000000e3080000,0x00000000e3080000)
  from space 16896K, 66% used [0x00000000e3080000,0x00000000e3b8b120,0x00000000e4100000)
  to   space 16896K, 0% used [0x00000000eb200000,0x00000000eb200000,0x00000000ec280000)
 ParOldGen       total 91648K, used 20226K [0x0000000081600000, 0x0000000086f80000, 0x00000000d5d00000)
  object space 91648K, 22% used [0x0000000081600000,0x00000000829c09c8,0x0000000086f80000)
 Metaspace       used 43818K, capacity 45676K, committed 45864K, reserved 1089536K
  class space    used 5795K, capacity 6153K, committed 6184K, reserved 1048576K
Event: 8.285 GC heap after
Heap after GC invocations=10 (full 2):
 PSYoungGen      total 337920K, used 15350K [0x00000000d5d00000, 0x00000000ec100000, 0x0000000100000000)
  eden space 322560K, 0% used [0x00000000d5d00000,0x00000000d5d00000,0x00000000e9800000)
  from space 15360K, 99% used [0x00000000eb200000,0x00000000ec0fd890,0x00000000ec100000)
  to   space 18944K, 0% used [0x00000000e9c00000,0x00000000e9c00000,0x00000000eae80000)
 ParOldGen       total 91648K, used 20226K [0x0000000081600000, 0x0000000086f80000, 0x00000000d5d00000)
  object space 91648K, 22% used [0x0000000081600000,0x00000000829c09c8,0x0000000086f80000)
 Metaspace       used 43818K, capacity 45676K, committed 45864K, reserved 1089536K
  class space    used 5795K, capacity 6153K, committed 6184K, reserved 1048576K
}

